#
# A fatal error has been detected by the Java Runtime Environment:
#
#  SIGSEGV (0xb) at pc=0x00000001076232b0, pid=8667, tid=16899
#
# JRE version: Java(TM) SE Runtime Environment (8.0_25-b17) (build 1.8.0_25-b17)
# Java VM: Java HotSpot(TM) 64-Bit Server VM (25.25-b02 mixed mode bsd-amd64 compressed oops)
# Problematic frame:
# V  [libjvm.dylib+0x4232b0]
#
# Failed to write core dump. Core dumps have been disabled. To enable core dumping, try "ulimit -c unlimited" before starting Java again
#
# If you would like to submit a bug report, please visit:
#   http://bugreport.sun.com/bugreport/crash.jsp
#

---------------  T H R E A D  ---------------

Current thread (0x00007fd771000800):  JavaThread "JDWP Transport Listener: dt_socket" daemon [_thread_in_vm, id=16899, stack(0x000000011fb18000,0x000000011fc18000)]

siginfo: si_signo: 11 (SIGSEGV), si_code: 0 (unknown), si_addr: 0x0000000000000000

Registers:
RAX=0x0000000000000001, RBX=0x000000011fc17a8b, RCX=0x00000001079d6c80, RDX=0x000000011fc17a8b
RSP=0x000000011fc179d0, RBP=0x000000011fc179e0, RSI=0x00007fd771000800, RDI=0x432f676e616c2f61
R8 =0x0000000000000000, R9 =0x00007fd770700000, R10=0x0000000000000010, R11=0x00007fd770700000
R12=0x00007fd771000800, R13=0x432f676e616c2f61, R14=0x432f676e616c2f61, R15=0x00007fd7706019a0
RIP=0x00000001076232b0, EFLAGS=0x0000000000010202, ERR=0x0000000000000000
  TRAPNO=0x000000000000000d

Top of Stack: (sp=0x000000011fc179d0)
0x000000011fc179d0:   000000011fc17a8b 000000011fc17a8b
0x000000011fc179e0:   000000011fc17a40 000000010753526e
0x000000011fc179f0:   00007fd771000800 0000000000000000
0x000000011fc17a00:   0000000000000000 0000000000000000
0x000000011fc17a10:   00007fd771000800 00007fd771000800
0x000000011fc17a20:   000000011fc17a8b 000000011fc17a90
0x000000011fc17a30:   432f676e616c2f61 00000000000000bd
0x000000011fc17a40:   000000011fc17a60 000000010813c7dc
0x000000011fc17a50:   0000000000000001 000000011fc17b08
0x000000011fc17a60:   000000011fc17ad0 0000000108121263
0x000000011fc17a70:   000000011fc17aa0 00007fd772035800
0x000000011fc17a80:   000000be00000032 0000000900c17b08
0x000000011fc17a90:   0000000000000000 0000000000000000
0x000000011fc17aa0:   0000000000000000 000000011fc17c90
0x000000011fc17ab0:   0000000108143eca 00007fd770730cb0
0x000000011fc17ac0:   000000011fc17b08 000000010814f588
0x000000011fc17ad0:   000000011fc17ae0 000000010812135c
0x000000011fc17ae0:   000000011fc17d00 000000010812a8f6
0x000000011fc17af0:   00003a5d00000013 00000000000f0200
0x000000011fc17b00:   00007fd77072d410 00007fd7720e1787
0x000000011fc17b10:   00007fd7000013f9 00007fd7707288d0
0x000000011fc17b20:   00007fd70000012c 000000011fc17b58
0x000000011fc17b30:   00007fd7707343f0 00007f0000000000
0x000000011fc17b40:   00003a5d0000001c 00007fff0000bf80
0x000000011fc17b50:   000000011fc17b58 d77f0000be000000
0x000000011fc17b60:   0800000058524370 3e74696e696c633c
0x000000011fc17b70:   0056292803000000 0008000000000000
0x000000011fc17b80:   0050524370d77f00 74696e693c060000
0x000000011fc17b90:   562928030000003e 0100000000000000
0x000000011fc17ba0:   48534370d77f0000 74536f6405000000
0x000000011fc17bb0:   6a4c281600000068 676e616c2f617661
0x000000011fc17bc0:   6e61656c6f6f422f 000000000056293b 

Instructions: (pc=0x00000001076232b0)
0x0000000107623290:   40 48 48 85 c0 75 e0 30 c0 0f b6 c0 5d c3 31 c0
0x00000001076232a0:   5d c3 55 48 89 e5 53 48 83 ec 08 48 85 ff 74 24
0x00000001076232b0:   48 8b 1f 48 85 db 74 1c 48 83 fb 37 74 16 48 8b
0x00000001076232c0:   03 48 89 df ff 50 10 84 c0 b8 00 00 00 00 48 0f 

Register to memory mapping:

RAX=0x0000000000000001 is an unknown value
RBX=0x000000011fc17a8b is pointing into the stack for thread: 0x00007fd771000800
RCX=0x00000001079d6c80: UseMembar+0 in /Library/Java/JavaVirtualMachines/jdk1.8.0_25.jdk/Contents/Home/jre/lib/server/libjvm.dylib at 0x0000000107200000
RDX=0x000000011fc17a8b is pointing into the stack for thread: 0x00007fd771000800
RSP=0x000000011fc179d0 is pointing into the stack for thread: 0x00007fd771000800
RBP=0x000000011fc179e0 is pointing into the stack for thread: 0x00007fd771000800
RSI=0x00007fd771000800 is a thread
RDI=0x432f676e616c2f61 is an unknown value
R8 =0x0000000000000000 is an unknown value
R9 =0x00007fd770700000 is an unknown value
R10=0x0000000000000010 is an unknown value
R11=0x00007fd770700000 is an unknown value
R12=0x00007fd771000800 is a thread
R13=0x432f676e616c2f61 is an unknown value
R14=0x432f676e616c2f61 is an unknown value
R15=0x00007fd7706019a0 is an unknown value


Stack: [0x000000011fb18000,0x000000011fc18000],  sp=0x000000011fc179d0,  free space=1022k
Native frames: (J=compiled Java code, j=interpreted, Vv=VM code, C=native code)
V  [libjvm.dylib+0x4232b0]
V  [libjvm.dylib+0x33526e]
C  [libjdwp.dylib+0x207dc]  isMethodSynthetic+0x63
C  [libjdwp.dylib+0x5263]  methods1+0x10b
C  [libjdwp.dylib+0x535c]  methodsWithGeneric+0xe
C  [libjdwp.dylib+0xe8f6]  debugLoop_run+0x1ce
C  [libjdwp.dylib+0x1f716]  attachThread+0x4d
V  [libjvm.dylib+0x3762ce]
V  [libjvm.dylib+0x535ed9]
V  [libjvm.dylib+0x53761c]
V  [libjvm.dylib+0x45d87e]
C  [libsystem_pthread.dylib+0x3268]  _pthread_body+0x83
C  [libsystem_pthread.dylib+0x31e5]  _pthread_body+0x0
C  [libsystem_pthread.dylib+0x141d]  thread_start+0xd
C  0x0000000000000000


---------------  P R O C E S S  ---------------

Java Threads: ( => current thread )
  0x00007fd771003000 JavaThread "Service Thread" daemon [_thread_blocked, id=19971, stack(0x000000012012a000,0x000000012022a000)]
  0x00007fd770817000 JavaThread "C1 CompilerThread2" daemon [_thread_blocked, id=19459, stack(0x0000000120027000,0x0000000120127000)]
  0x00007fd772084800 JavaThread "C2 CompilerThread1" daemon [_thread_blocked, id=18947, stack(0x000000011ff24000,0x0000000120024000)]
  0x00007fd771004000 JavaThread "C2 CompilerThread0" daemon [_thread_blocked, id=18435, stack(0x000000011fe21000,0x000000011ff21000)]
  0x00007fd772061800 JavaThread "JDWP Command Reader" daemon [_thread_in_native, id=17923, stack(0x000000011fd1e000,0x000000011fe1e000)]
  0x00007fd77203b000 JavaThread "JDWP Event Helper Thread" daemon [_thread_blocked, id=17411, stack(0x000000011fc1b000,0x000000011fd1b000)]
=>0x00007fd771000800 JavaThread "JDWP Transport Listener: dt_socket" daemon [_thread_in_vm, id=16899, stack(0x000000011fb18000,0x000000011fc18000)]
  0x00007fd77080b000 JavaThread "Signal Dispatcher" daemon [_thread_blocked, id=13847, stack(0x000000011fa0e000,0x000000011fb0e000)]
  0x00007fd77205f800 JavaThread "Finalizer" daemon [_thread_blocked, id=12035, stack(0x000000011e0d9000,0x000000011e1d9000)]
  0x00007fd77205e800 JavaThread "Reference Handler" daemon [_thread_blocked, id=11523, stack(0x000000011dfd6000,0x000000011e0d6000)]
  0x00007fd772000000 JavaThread "main" [_thread_blocked, id=5379, stack(0x0000000106891000,0x0000000106991000)]

Other Threads:
  0x00007fd77205a000 VMThread [stack: 0x000000011ded3000,0x000000011dfd3000] [id=11011]
  0x00007fd77100c800 WatcherThread [stack: 0x000000012022d000,0x000000012032d000] [id=20483]

VM state:not at safepoint (normal execution)

VM Mutex/Monitor currently owned by a thread: None

Heap:
 PSYoungGen      total 38400K, used 3491K [0x0000000795580000, 0x0000000798000000, 0x00000007c0000000)
  eden space 33280K, 10% used [0x0000000795580000,0x00000007958e8cc8,0x0000000797600000)
  from space 5120K, 0% used [0x0000000797b00000,0x0000000797b00000,0x0000000798000000)
  to   space 5120K, 0% used [0x0000000797600000,0x0000000797600000,0x0000000797b00000)
 ParOldGen       total 87552K, used 0K [0x0000000740000000, 0x0000000745580000, 0x0000000795580000)
  object space 87552K, 0% used [0x0000000740000000,0x0000000740000000,0x0000000745580000)
 Metaspace       used 3119K, capacity 4874K, committed 5120K, reserved 1056768K
  class space    used 303K, capacity 390K, committed 512K, reserved 1048576K

Card table byte_map: [0x0000000117527000,0x0000000117928000] byte_map_base: 0x0000000113b27000

Marking Bits: (ParMarkBitMap*) 0x0000000107a9d390
 Begin Bits: [0x0000000117fdf000, 0x0000000119fdf000)
 End Bits:   [0x0000000119fdf000, 0x000000011bfdf000)

Polling page: 0x00000001069d5000

CodeCache: size=245760Kb used=1130Kb max_used=1130Kb free=244629Kb
 bounds [0x0000000108167000, 0x00000001083d7000, 0x0000000117167000]
 total_blobs=265 nmethods=37 adapters=152
 compilation: enabled

Compilation events (10 events):
Event: 0.179 Thread 0x00007fd770817000   32       1       java.lang.ThreadLocal::access$400 (5 bytes)
Event: 0.179 Thread 0x00007fd770817000 nmethod 32 0x0000000108280310 code [0x0000000108280460, 0x0000000108280550]
Event: 0.179 Thread 0x00007fd770817000   33       3       java.lang.String::startsWith (72 bytes)
Event: 0.180 Thread 0x00007fd770817000 nmethod 33 0x00000001082805d0 code [0x0000000108280740, 0x0000000108280a90]
Event: 0.180 Thread 0x00007fd770817000   34       3       java.util.concurrent.ConcurrentHashMap::tabAt (21 bytes)
Event: 0.180 Thread 0x00007fd770817000 nmethod 34 0x0000000108281010 code [0x0000000108281180, 0x00000001082813b0]
Event: 0.180 Thread 0x00007fd770817000   36       3       java.lang.String::startsWith (7 bytes)
Event: 0.180 Thread 0x00007fd770817000 nmethod 36 0x0000000108281450 code [0x00000001082815c0, 0x00000001082817e8]
Event: 0.181 Thread 0x00007fd770817000   37       1       java.lang.reflect.Method::getName (5 bytes)
Event: 0.181 Thread 0x00007fd770817000 nmethod 37 0x0000000108281890 code [0x00000001082819e0, 0x0000000108281af0]

GC Heap History (0 events):
No events

Deoptimization events (0 events):
No events

Internal exceptions (9 events):
Event: 0.042 Thread 0x00007fd772000000 Exception <a 'java/lang/NoSuchMethodError': Method sun.misc.Unsafe.defineClass(Ljava/lang/String;[BII)Ljava/lang/Class; name or signature does not match> (0x0000000795591e50) thrown at [/HUDSON3/workspace/8-2-build-macosx-x86_64/jdk8u25/1514/hotspot/src/s
Event: 0.042 Thread 0x00007fd772000000 Exception <a 'java/lang/NoSuchMethodError': Method sun.misc.Unsafe.prefetchRead(Ljava/lang/Object;J)V name or signature does not match> (0x00000007955920e0) thrown at [/HUDSON3/workspace/8-2-build-macosx-x86_64/jdk8u25/1514/hotspot/src/share/vm/prims/jni.
Event: 0.142 Thread 0x00007fd772000000 Exception <a 'java/security/PrivilegedActionException'> (0x000000079561a628) thrown at [/HUDSON3/workspace/8-2-build-macosx-x86_64/jdk8u25/1514/hotspot/src/share/vm/prims/jvm.cpp, line 1312]
Event: 0.179 Thread 0x00007fd772000000 Exception <a 'java/security/PrivilegedActionException'> (0x0000000795842d70) thrown at [/HUDSON3/workspace/8-2-build-macosx-x86_64/jdk8u25/1514/hotspot/src/share/vm/prims/jvm.cpp, line 1312]
Event: 0.179 Thread 0x00007fd772000000 Exception <a 'java/security/PrivilegedActionException'> (0x0000000795844870) thrown at [/HUDSON3/workspace/8-2-build-macosx-x86_64/jdk8u25/1514/hotspot/src/share/vm/prims/jvm.cpp, line 1312]
Event: 0.179 Thread 0x00007fd772000000 Exception <a 'java/security/PrivilegedActionException'> (0x0000000795846038) thrown at [/HUDSON3/workspace/8-2-build-macosx-x86_64/jdk8u25/1514/hotspot/src/share/vm/prims/jvm.cpp, line 1312]
Event: 0.180 Thread 0x00007fd772000000 Exception <a 'java/security/PrivilegedActionException'> (0x0000000795848970) thrown at [/HUDSON3/workspace/8-2-build-macosx-x86_64/jdk8u25/1514/hotspot/src/share/vm/prims/jvm.cpp, line 1312]
Event: 0.180 Thread 0x00007fd772000000 Exception <a 'java/security/PrivilegedActionException'> (0x000000079584f930) thrown at [/HUDSON3/workspace/8-2-build-macosx-x86_64/jdk8u25/1514/hotspot/src/share/vm/prims/jvm.cpp, line 1312]
Event: 0.180 Thread 0x00007fd772000000 Exception <a 'java/security/PrivilegedActionException'> (0x0000000795851968) thrown at [/HUDSON3/workspace/8-2-build-macosx-x86_64/jdk8u25/1514/hotspot/src/share/vm/prims/jvm.cpp, line 1312]

Events (10 events):
Event: 272.591 Executing VM operation: ChangeBreakpoints
Event: 272.591 Executing VM operation: ChangeBreakpoints done
Event: 272.615 Executing VM operation: ChangeBreakpoints
Event: 272.615 Executing VM operation: ChangeBreakpoints done
Event: 272.618 Executing VM operation: ChangeBreakpoints
Event: 272.618 Executing VM operation: ChangeBreakpoints done
Event: 282.870 Executing VM operation: ChangeBreakpoints
Event: 282.870 Executing VM operation: ChangeBreakpoints done
Event: 2662.869 Executing VM operation: RedefineClasses
Event: 2662.871 Executing VM operation: RedefineClasses done


Dynamic libraries:
0x000000000a6ef000 	/System/Library/Frameworks/Cocoa.framework/Versions/A/Cocoa
0x000000000a6ef000 	/System/Library/Frameworks/Security.framework/Versions/A/Security
0x000000000a6ef000 	/System/Library/Frameworks/ApplicationServices.framework/Versions/A/ApplicationServices
0x000000000a6ef000 	/usr/lib/libz.1.dylib
0x000000000a6ef000 	/usr/lib/libSystem.B.dylib
0x000000000a6ef000 	/usr/lib/libobjc.A.dylib
0x000000000a6ef000 	/System/Library/Frameworks/CoreFoundation.framework/Versions/A/CoreFoundation
0x000000000a6ef000 	/System/Library/Frameworks/Foundation.framework/Versions/C/Foundation
0x000000000a6ef000 	/System/Library/Frameworks/AppKit.framework/Versions/C/AppKit
0x000000000a6ef000 	/System/Library/Frameworks/CoreData.framework/Versions/A/CoreData
0x000000000a6ef000 	/System/Library/PrivateFrameworks/RemoteViewServices.framework/Versions/A/RemoteViewServices
0x000000000a6ef000 	/System/Library/PrivateFrameworks/UIFoundation.framework/Versions/A/UIFoundation
0x000000000a6ef000 	/System/Library/Frameworks/IOSurface.framework/Versions/A/IOSurface
0x000000000a6ef000 	/System/Library/Frameworks/AudioToolbox.framework/Versions/A/AudioToolbox
0x000000000a6ef000 	/System/Library/Frameworks/AudioUnit.framework/Versions/A/AudioUnit
0x000000000a6ef000 	/System/Library/PrivateFrameworks/DataDetectorsCore.framework/Versions/A/DataDetectorsCore
0x000000000a6ef000 	/System/Library/PrivateFrameworks/DesktopServicesPriv.framework/Versions/A/DesktopServicesPriv
0x000000000a6ef000 	/System/Library/Frameworks/Carbon.framework/Versions/A/Frameworks/HIToolbox.framework/Versions/A/HIToolbox
0x000000000a6ef000 	/System/Library/Frameworks/QuartzCore.framework/Versions/A/QuartzCore
0x000000000a6ef000 	/System/Library/Frameworks/Carbon.framework/Versions/A/Frameworks/SpeechRecognition.framework/Versions/A/SpeechRecognition
0x000000000a6ef000 	/usr/lib/libauto.dylib
0x000000000a6ef000 	/usr/lib/libicucore.A.dylib
0x000000000a6ef000 	/usr/lib/libxml2.2.dylib
0x000000000a6ef000 	/System/Library/PrivateFrameworks/CoreUI.framework/Versions/A/CoreUI
0x000000000a6ef000 	/System/Library/Frameworks/CoreAudio.framework/Versions/A/CoreAudio
0x000000000a6ef000 	/System/Library/Frameworks/DiskArbitration.framework/Versions/A/DiskArbitration
0x000000000a6ef000 	/usr/lib/liblangid.dylib
0x000000000a6ef000 	/System/Library/PrivateFrameworks/MultitouchSupport.framework/Versions/A/MultitouchSupport
0x000000000a6ef000 	/System/Library/Frameworks/IOKit.framework/Versions/A/IOKit
0x000000000a6ef000 	/usr/lib/libDiagnosticMessagesClient.dylib
0x000000000a6ef000 	/System/Library/Frameworks/CoreServices.framework/Versions/A/CoreServices
0x000000000a6ef000 	/System/Library/PrivateFrameworks/PerformanceAnalysis.framework/Versions/A/PerformanceAnalysis
0x000000000a6ef000 	/System/Library/PrivateFrameworks/GenerationalStorage.framework/Versions/A/GenerationalStorage
0x000000000a6ef000 	/System/Library/Frameworks/OpenGL.framework/Versions/A/OpenGL
0x000000000a6ef000 	/System/Library/PrivateFrameworks/Sharing.framework/Versions/A/Sharing
0x000000000a6ef000 	/System/Library/Frameworks/CoreGraphics.framework/Versions/A/CoreGraphics
0x000000000a6ef000 	/System/Library/Frameworks/CoreText.framework/Versions/A/CoreText
0x000000000a6ef000 	/System/Library/Frameworks/ImageIO.framework/Versions/A/ImageIO
0x000000000a6ef000 	/usr/lib/libextension.dylib
0x000000000a6ef000 	/System/Library/PrivateFrameworks/Backup.framework/Versions/A/Backup
0x000000000a6ef000 	/usr/lib/libarchive.2.dylib
0x000000000a6ef000 	/System/Library/Frameworks/CFNetwork.framework/Versions/A/CFNetwork
0x000000000a6ef000 	/System/Library/Frameworks/SystemConfiguration.framework/Versions/A/SystemConfiguration
0x000000000a6ef000 	/usr/lib/libCRFSuite.dylib
0x000000000a6ef000 	/usr/lib/libc++.1.dylib
0x000000000a6ef000 	/usr/lib/libc++abi.dylib
0x000000000a6ef000 	/usr/lib/system/libcache.dylib
0x000000000a6ef000 	/usr/lib/system/libcommonCrypto.dylib
0x000000000a6ef000 	/usr/lib/system/libcompiler_rt.dylib
0x000000000a6ef000 	/usr/lib/system/libcopyfile.dylib
0x000000000a6ef000 	/usr/lib/system/libcorecrypto.dylib
0x000000000a6ef000 	/usr/lib/system/libdispatch.dylib
0x000000000a6ef000 	/usr/lib/system/libdyld.dylib
0x000000000a6ef000 	/usr/lib/system/libkeymgr.dylib
0x000000000a6ef000 	/usr/lib/system/liblaunch.dylib
0x000000000a6ef000 	/usr/lib/system/libmacho.dylib
0x000000000a6ef000 	/usr/lib/system/libquarantine.dylib
0x000000000a6ef000 	/usr/lib/system/libremovefile.dylib
0x000000000a6ef000 	/usr/lib/system/libsystem_asl.dylib
0x000000000a6ef000 	/usr/lib/system/libsystem_blocks.dylib
0x000000000a6ef000 	/usr/lib/system/libsystem_c.dylib
0x000000000a6ef000 	/usr/lib/system/libsystem_configuration.dylib
0x000000000a6ef000 	/usr/lib/system/libsystem_coreservices.dylib
0x000000000a6ef000 	/usr/lib/system/libsystem_coretls.dylib
0x000000000a6ef000 	/usr/lib/system/libsystem_dnssd.dylib
0x000000000a6ef000 	/usr/lib/system/libsystem_info.dylib
0x000000000a6ef000 	/usr/lib/system/libsystem_kernel.dylib
0x000000000a6ef000 	/usr/lib/system/libsystem_m.dylib
0x000000000a6ef000 	/usr/lib/system/libsystem_malloc.dylib
0x000000000a6ef000 	/usr/lib/system/libsystem_network.dylib
0x000000000a6ef000 	/usr/lib/system/libsystem_networkextension.dylib
0x000000000a6ef000 	/usr/lib/system/libsystem_notify.dylib
0x000000000a6ef000 	/usr/lib/system/libsystem_platform.dylib
0x000000000a6ef000 	/usr/lib/system/libsystem_pthread.dylib
0x000000000a6ef000 	/usr/lib/system/libsystem_sandbox.dylib
0x000000000a6ef000 	/usr/lib/system/libsystem_secinit.dylib
0x000000000a6ef000 	/usr/lib/system/libsystem_stats.dylib
0x000000000a6ef000 	/usr/lib/system/libsystem_trace.dylib
0x000000000a6ef000 	/usr/lib/system/libunc.dylib
0x000000000a6ef000 	/usr/lib/system/libunwind.dylib
0x000000000a6ef000 	/usr/lib/system/libxpc.dylib
0x000000000a6ef000 	/usr/lib/libbz2.1.0.dylib
0x000000000a6ef000 	/usr/lib/liblzma.5.dylib
0x000000000a6ef000 	/usr/lib/libbsm.0.dylib
0x000000000a6ef000 	/usr/lib/libsqlite3.dylib
0x000000000a6ef000 	/usr/lib/system/libkxld.dylib
0x000000000a6ef000 	/usr/lib/libxar.1.dylib
0x000000000a6ef000 	/usr/lib/libpam.2.dylib
0x000000000a6ef000 	/usr/lib/libOpenScriptingUtil.dylib
0x000000000a6ef000 	/System/Library/Frameworks/CoreServices.framework/Versions/A/Frameworks/FSEvents.framework/Versions/A/FSEvents
0x000000000a6ef000 	/System/Library/Frameworks/CoreServices.framework/Versions/A/Frameworks/CarbonCore.framework/Versions/A/CarbonCore
0x000000000a6ef000 	/System/Library/Frameworks/CoreServices.framework/Versions/A/Frameworks/Metadata.framework/Versions/A/Metadata
0x000000000a6ef000 	/System/Library/Frameworks/CoreServices.framework/Versions/A/Frameworks/OSServices.framework/Versions/A/OSServices
0x000000000a6ef000 	/System/Library/Frameworks/CoreServices.framework/Versions/A/Frameworks/SearchKit.framework/Versions/A/SearchKit
0x000000000a6ef000 	/System/Library/Frameworks/CoreServices.framework/Versions/A/Frameworks/AE.framework/Versions/A/AE
0x000000000a6ef000 	/System/Library/Frameworks/CoreServices.framework/Versions/A/Frameworks/LaunchServices.framework/Versions/A/LaunchServices
0x000000000a6ef000 	/System/Library/Frameworks/CoreServices.framework/Versions/A/Frameworks/DictionaryServices.framework/Versions/A/DictionaryServices
0x000000000a6ef000 	/System/Library/Frameworks/NetFS.framework/Versions/A/NetFS
0x000000000a6ef000 	/System/Library/PrivateFrameworks/NetAuth.framework/Versions/A/NetAuth
0x000000000a6ef000 	/System/Library/PrivateFrameworks/login.framework/Versions/A/Frameworks/loginsupport.framework/Versions/A/loginsupport
0x000000000a6ef000 	/System/Library/PrivateFrameworks/TCC.framework/Versions/A/TCC
0x000000000a6ef000 	/usr/lib/libmecabra.dylib
0x000000000a6ef000 	/System/Library/Frameworks/ApplicationServices.framework/Versions/A/Frameworks/ATS.framework/Versions/A/ATS
0x000000000a6ef000 	/System/Library/Frameworks/ApplicationServices.framework/Versions/A/Frameworks/ColorSync.framework/Versions/A/ColorSync
0x000000000a6ef000 	/System/Library/Frameworks/ApplicationServices.framework/Versions/A/Frameworks/HIServices.framework/Versions/A/HIServices
0x000000000a6ef000 	/System/Library/Frameworks/ApplicationServices.framework/Versions/A/Frameworks/LangAnalysis.framework/Versions/A/LangAnalysis
0x000000000a6ef000 	/System/Library/Frameworks/ApplicationServices.framework/Versions/A/Frameworks/PrintCore.framework/Versions/A/PrintCore
0x000000000a6ef000 	/System/Library/Frameworks/ApplicationServices.framework/Versions/A/Frameworks/QD.framework/Versions/A/QD
0x000000000a6ef000 	/System/Library/Frameworks/ApplicationServices.framework/Versions/A/Frameworks/SpeechSynthesis.framework/Versions/A/SpeechSynthesis
0x000000000a6ef000 	/System/Library/Frameworks/Accelerate.framework/Versions/A/Accelerate
0x000000000a6ef000 	/System/Library/Frameworks/Accelerate.framework/Versions/A/Frameworks/vImage.framework/Versions/A/vImage
0x000000000a6ef000 	/System/Library/Frameworks/Accelerate.framework/Versions/A/Frameworks/vecLib.framework/Versions/A/vecLib
0x000000000a6ef000 	/System/Library/Frameworks/Accelerate.framework/Versions/A/Frameworks/vecLib.framework/Versions/A/libvDSP.dylib
0x000000000a6ef000 	/System/Library/Frameworks/Accelerate.framework/Versions/A/Frameworks/vecLib.framework/Versions/A/libvMisc.dylib
0x000000000a6ef000 	/System/Library/Frameworks/Accelerate.framework/Versions/A/Frameworks/vecLib.framework/Versions/A/libLAPACK.dylib
0x000000000a6ef000 	/System/Library/Frameworks/Accelerate.framework/Versions/A/Frameworks/vecLib.framework/Versions/A/libBLAS.dylib
0x000000000a6ef000 	/System/Library/Frameworks/Accelerate.framework/Versions/A/Frameworks/vecLib.framework/Versions/A/libLinearAlgebra.dylib
0x000000000a6ef000 	/System/Library/Frameworks/ApplicationServices.framework/Versions/A/Frameworks/ATS.framework/Versions/A/Resources/libFontParser.dylib
0x000000000a6ef000 	/System/Library/Frameworks/ApplicationServices.framework/Versions/A/Frameworks/ATS.framework/Versions/A/Resources/libFontRegistry.dylib
0x000000000a6ef000 	/System/Library/PrivateFrameworks/AppleVPA.framework/Versions/A/AppleVPA
0x000000000a6ef000 	/System/Library/PrivateFrameworks/AppleJPEG.framework/Versions/A/AppleJPEG
0x000000000a6ef000 	/System/Library/Frameworks/ImageIO.framework/Versions/A/Resources/libJPEG.dylib
0x000000000a6ef000 	/System/Library/Frameworks/ImageIO.framework/Versions/A/Resources/libTIFF.dylib
0x000000000a6ef000 	/System/Library/Frameworks/ImageIO.framework/Versions/A/Resources/libPng.dylib
0x000000000a6ef000 	/System/Library/Frameworks/ImageIO.framework/Versions/A/Resources/libGIF.dylib
0x000000000a6ef000 	/System/Library/Frameworks/ImageIO.framework/Versions/A/Resources/libJP2.dylib
0x000000000a6ef000 	/System/Library/Frameworks/ImageIO.framework/Versions/A/Resources/libRadiance.dylib
0x000000000a6ef000 	/System/Library/Frameworks/CoreVideo.framework/Versions/A/CoreVideo
0x000000000a6ef000 	/System/Library/Frameworks/OpenGL.framework/Versions/A/Libraries/libGLU.dylib
0x000000000a6ef000 	/System/Library/Frameworks/OpenGL.framework/Versions/A/Libraries/libGFXShared.dylib
0x000000000a6ef000 	/System/Library/Frameworks/OpenGL.framework/Versions/A/Libraries/libGL.dylib
0x000000000a6ef000 	/System/Library/Frameworks/OpenGL.framework/Versions/A/Libraries/libGLImage.dylib
0x000000000a6ef000 	/System/Library/Frameworks/OpenGL.framework/Versions/A/Libraries/libCVMSPluginSupport.dylib
0x000000000a6ef000 	/System/Library/Frameworks/OpenGL.framework/Versions/A/Libraries/libCoreVMClient.dylib
0x000000000a6ef000 	/usr/lib/libcups.2.dylib
0x000000000a6ef000 	/System/Library/Frameworks/Kerberos.framework/Versions/A/Kerberos
0x000000000a6ef000 	/System/Library/Frameworks/GSS.framework/Versions/A/GSS
0x000000000a6ef000 	/usr/lib/libresolv.9.dylib
0x000000000a6ef000 	/usr/lib/libiconv.2.dylib
0x000000000a6ef000 	/System/Library/PrivateFrameworks/Heimdal.framework/Versions/A/Heimdal
0x000000000a6ef000 	/usr/lib/libheimdal-asn1.dylib
0x000000000a6ef000 	/System/Library/Frameworks/OpenDirectory.framework/Versions/A/OpenDirectory
0x000000000a6ef000 	/System/Library/PrivateFrameworks/CommonAuth.framework/Versions/A/CommonAuth
0x000000000a6ef000 	/System/Library/Frameworks/OpenDirectory.framework/Versions/A/Frameworks/CFOpenDirectory.framework/Versions/A/CFOpenDirectory
0x000000000a6ef000 	/System/Library/Frameworks/SecurityFoundation.framework/Versions/A/SecurityFoundation
0x000000000a6ef000 	/System/Library/PrivateFrameworks/LanguageModeling.framework/Versions/A/LanguageModeling
0x000000000a6ef000 	/usr/lib/libcmph.dylib
0x000000000a6ef000 	/System/Library/Frameworks/ServiceManagement.framework/Versions/A/ServiceManagement
0x000000000a6ef000 	/usr/lib/libxslt.1.dylib
0x000000000a6ef000 	/System/Library/Frameworks/Carbon.framework/Versions/A/Frameworks/Ink.framework/Versions/A/Ink
0x000000000a6ef000 	/System/Library/Frameworks/QuartzCore.framework/Versions/A/Frameworks/CoreImage.framework/Versions/A/CoreImage
0x000000000a6ef000 	/System/Library/PrivateFrameworks/CrashReporterSupport.framework/Versions/A/CrashReporterSupport
0x000000000a6ef000 	/System/Library/Frameworks/OpenCL.framework/Versions/A/OpenCL
0x000000000a6ef000 	/System/Library/PrivateFrameworks/FaceCore.framework/Versions/A/FaceCore
0x000000000a6ef000 	/System/Library/PrivateFrameworks/Ubiquity.framework/Versions/A/Ubiquity
0x000000000a6ef000 	/System/Library/PrivateFrameworks/IconServices.framework/Versions/A/IconServices
0x000000000a6ef000 	/System/Library/PrivateFrameworks/ChunkingLibrary.framework/Versions/A/ChunkingLibrary
0x000000000a6ef000 	/System/Library/PrivateFrameworks/Apple80211.framework/Versions/A/Apple80211
0x000000000a6ef000 	/System/Library/Frameworks/CoreWLAN.framework/Versions/A/CoreWLAN
0x000000000a6ef000 	/System/Library/Frameworks/IOBluetooth.framework/Versions/A/IOBluetooth
0x000000000a6ef000 	/System/Library/PrivateFrameworks/CoreWiFi.framework/Versions/A/CoreWiFi
0x000000000a6ef000 	/System/Library/Frameworks/CoreBluetooth.framework/Versions/A/CoreBluetooth
0x000000000a6ef000 	/System/Library/PrivateFrameworks/DebugSymbols.framework/Versions/A/DebugSymbols
0x000000000a6ef000 	/System/Library/PrivateFrameworks/CoreSymbolication.framework/Versions/A/CoreSymbolication
0x000000000a6ef000 	/System/Library/PrivateFrameworks/Symbolication.framework/Versions/A/Symbolication
0x000000000a6ef000 	/System/Library/PrivateFrameworks/SpeechRecognitionCore.framework/Versions/A/SpeechRecognitionCore
0x0000000107200000 	/Library/Java/JavaVirtualMachines/jdk1.8.0_25.jdk/Contents/Home/jre/lib/server/libjvm.dylib
0x000000000a6ef000 	/usr/lib/libstdc++.6.dylib
0x0000000106993000 	/Library/Java/JavaVirtualMachines/jdk1.8.0_25.jdk/Contents/Home/jre/lib/libverify.dylib
0x00000001069a1000 	/Library/Java/JavaVirtualMachines/jdk1.8.0_25.jdk/Contents/Home/jre/lib/libjava.dylib
0x000000010811c000 	/Library/Java/JavaVirtualMachines/jdk1.8.0_25.jdk/Contents/Home/jre/lib/libjdwp.dylib
0x00000001069d6000 	/Library/Java/JavaVirtualMachines/jdk1.8.0_25.jdk/Contents/Home/jre/lib/libnpt.dylib
0x00000001069e3000 	/Library/Java/JavaVirtualMachines/jdk1.8.0_25.jdk/Contents/Home/jre/lib/libzip.dylib
0x000000011e1db000 	/System/Library/Frameworks/JavaVM.framework/Frameworks/JavaRuntimeSupport.framework/JavaRuntimeSupport
0x000000011e1f1000 	/System/Library/Frameworks/JavaVM.framework/Versions/A/Frameworks/JavaNativeFoundation.framework/Versions/A/JavaNativeFoundation
0x00000001069ed000 	/System/Library/Frameworks/JavaVM.framework/Versions/A/JavaVM
0x000000000a6ef000 	/System/Library/Frameworks/Carbon.framework/Versions/A/Carbon
0x000000011e205000 	/System/Library/PrivateFrameworks/JavaLaunching.framework/Versions/A/JavaLaunching
0x000000000a6ef000 	/System/Library/Frameworks/Carbon.framework/Versions/A/Frameworks/CommonPanels.framework/Versions/A/CommonPanels
0x000000000a6ef000 	/System/Library/Frameworks/Carbon.framework/Versions/A/Frameworks/Help.framework/Versions/A/Help
0x000000000a6ef000 	/System/Library/Frameworks/Carbon.framework/Versions/A/Frameworks/ImageCapture.framework/Versions/A/ImageCapture
0x000000000a6ef000 	/System/Library/Frameworks/Carbon.framework/Versions/A/Frameworks/OpenScripting.framework/Versions/A/OpenScripting
0x000000000a6ef000 	/System/Library/Frameworks/Carbon.framework/Versions/A/Frameworks/Print.framework/Versions/A/Print
0x000000000a6ef000 	/System/Library/Frameworks/Carbon.framework/Versions/A/Frameworks/SecurityHI.framework/Versions/A/SecurityHI
0x000000011fb10000 	/Library/Java/JavaVirtualMachines/jdk1.8.0_25.jdk/Contents/Home/jre/lib/libdt_socket.dylib

VM Arguments:
jvm_args: -agentlib:jdwp=transport=dt_socket,suspend=y,address=localhost:62881 -Dfile.encoding=UTF-8 
java_command: test.Solution
java_class_path (initial): /Users/Dandanz/workspace/test/bin
Launcher Type: SUN_STANDARD

Environment Variables:
PATH=/usr/bin:/bin:/usr/sbin:/sbin
SHELL=/bin/bash

Signal Handlers:
SIGSEGV: [libjvm.dylib+0x579dc7], sa_mask[0]=11111111011111110111111111111111, sa_flags=SA_ONSTACK|SA_RESTART|SA_SIGINFO
SIGBUS: [libjvm.dylib+0x579dc7], sa_mask[0]=11111111011111110111111111111111, sa_flags=SA_RESTART|SA_SIGINFO
SIGFPE: [libjvm.dylib+0x45b030], sa_mask[0]=11111111011111110111111111111111, sa_flags=SA_RESTART|SA_SIGINFO
SIGPIPE: [libjvm.dylib+0x45b030], sa_mask[0]=11111111011111110111111111111111, sa_flags=SA_RESTART|SA_SIGINFO
SIGXFSZ: [libjvm.dylib+0x45b030], sa_mask[0]=11111111011111110111111111111111, sa_flags=SA_RESTART|SA_SIGINFO
SIGILL: [libjvm.dylib+0x45b030], sa_mask[0]=11111111011111110111111111111111, sa_flags=SA_RESTART|SA_SIGINFO
SIGUSR1: SIG_DFL, sa_mask[0]=00000000000000000000000000000000, sa_flags=none
SIGUSR2: [libjvm.dylib+0x45ab4e], sa_mask[0]=00100000000000000000000000000000, sa_flags=SA_RESTART|SA_SIGINFO
SIGHUP: [libjvm.dylib+0x459121], sa_mask[0]=11111111011111110111111111111111, sa_flags=SA_RESTART|SA_SIGINFO
SIGINT: [libjvm.dylib+0x459121], sa_mask[0]=11111111011111110111111111111111, sa_flags=SA_RESTART|SA_SIGINFO
SIGTERM: [libjvm.dylib+0x459121], sa_mask[0]=11111111011111110111111111111111, sa_flags=SA_RESTART|SA_SIGINFO
SIGQUIT: [libjvm.dylib+0x459121], sa_mask[0]=11111111011111110111111111111111, sa_flags=SA_RESTART|SA_SIGINFO


---------------  S Y S T E M  ---------------

OS:Bsduname:Darwin 14.1.0 Darwin Kernel Version 14.1.0: Mon Dec 22 23:10:38 PST 2014; root:xnu-2782.10.72~2/RELEASE_X86_64 x86_64
rlimit: STACK 8192k, CORE 0k, NPROC 709, NOFILE 10240, AS infinity
load average:1.98 1.84 1.75

CPU:total 4 (2 cores per cpu, 2 threads per core) family 6 model 69 stepping 1, cmov, cx8, fxsr, mmx, sse, sse2, sse3, ssse3, sse4.1, sse4.2, popcnt, avx, avx2, aes, clmul, erms, lzcnt, ht, tsc, tscinvbit, bmi1, bmi2

Memory: 4k page, physical 8388608k(185308k free)

/proc/meminfo:


vm_info: Java HotSpot(TM) 64-Bit Server VM (25.25-b02) for bsd-amd64 JRE (1.8.0_25-b17), built on Sep 17 2014 16:56:50 by "java_re" with gcc 4.2.1 (Based on Apple Inc. build 5658) (LLVM build 2336.11.00)

time: Mon Feb 23 19:52:33 2015
elapsed time: 2662 seconds (0d 0h 44m 22s)

